<?xml version="1.0" encoding="UTF-8"?>
<robot generator="Robot 6.1.1 (Python 3.8.2 on win32)" generated="20231219 10:41:07.637" rpa="false" schemaversion="4">
<suite id="s1" name="dataPick Demo" source="C:\Works\PythonWork\RobotFrameworkDemo17122023\dataPick_Demo.robot">
<test id="s1-t1" name="Selecting the date" line="6">
<kw name="Log To Console" library="BuiltIn">
<arg>Selecting the date</arg>
<doc>Logs the given message to the console.</doc>
<status status="PASS" starttime="20231219 10:41:07.948" endtime="20231219 10:41:07.962"/>
</kw>
<kw name="Open Browser" library="SeleniumLibrary">
<arg>https://www.way2automation.com/way2auto_jquery/datepicker.php#load_box</arg>
<arg>chrome</arg>
<doc>Opens a new browser instance to the optional ``url``.</doc>
<msg timestamp="20231219 10:41:07.963" level="INFO">Opening browser 'chrome' to base url 'https://www.way2automation.com/way2auto_jquery/datepicker.php#load_box'.</msg>
<status status="PASS" starttime="20231219 10:41:07.962" endtime="20231219 10:41:12.327"/>
</kw>
<kw name="Set Selenium Implicit Wait" library="SeleniumLibrary">
<arg>5</arg>
<doc>Sets the implicit wait value used by Selenium.</doc>
<status status="PASS" starttime="20231219 10:41:12.328" endtime="20231219 10:41:12.331"/>
</kw>
<kw name="Select Frame" library="SeleniumLibrary">
<arg>//div[@id='example-1-tab-1']//iframe[@class='demo-frame']</arg>
<doc>Sets frame identified by ``locator`` as the current frame.</doc>
<msg timestamp="20231219 10:41:12.333" level="INFO">Selecting frame '//div[@id='example-1-tab-1']//iframe[@class='demo-frame']'.</msg>
<status status="PASS" starttime="20231219 10:41:12.332" endtime="20231219 10:41:12.372"/>
</kw>
<kw name="Click Element" library="SeleniumLibrary">
<arg>//input[@id='datepicker']</arg>
<doc>Click the element identified by ``locator``.</doc>
<msg timestamp="20231219 10:41:12.373" level="INFO">Clicking element '//input[@id='datepicker']'.</msg>
<status status="PASS" starttime="20231219 10:41:12.372" endtime="20231219 10:41:12.503"/>
</kw>
<kw name="Print Console" library="CustomLib">
<arg>"Hello world"</arg>
<msg timestamp="20231219 10:41:12.505" level="INFO">"Hello world"</msg>
<status status="PASS" starttime="20231219 10:41:12.505" endtime="20231219 10:41:12.505"/>
</kw>
<kw name="Print Title" library="CustomLib">
<msg timestamp="20231219 10:41:12.506" level="FAIL">AttributeError: 'str' object has no attribute '_namespace'</msg>
<status status="FAIL" starttime="20231219 10:41:12.506" endtime="20231219 10:41:12.508"/>
</kw>
<status status="FAIL" starttime="20231219 10:41:07.947" endtime="20231219 10:41:12.509">AttributeError: 'str' object has no attribute '_namespace'</status>
</test>
<status status="FAIL" starttime="20231219 10:41:07.640" endtime="20231219 10:41:12.510"/>
</suite>
<statistics>
<total>
<stat pass="0" fail="1" skip="0">All Tests</stat>
</total>
<tag>
</tag>
<suite>
<stat pass="0" fail="1" skip="0" id="s1" name="dataPick Demo">dataPick Demo</stat>
</suite>
</statistics>
<errors>
</errors>
</robot>
